<?xml version="1.0" encoding="UTF-8"?>
<!-- Generated by org.testng.reporters.JUnitXMLReporter -->
<testsuite hostname="Yunuss-MacBook-Air.local" ignored="2" name="Default test" tests="1" failures="0" timestamp="2020-10-11T22:43:04 EDT" time="15.069" errors="0">
  <testcase name="HeaderLinks" time="0.112" classname="com.qa.ispeakbetter.tests.LibraryPageTest"/>
  <testcase name="goToLoginPage" time="0.0" classname="com.qa.ispeakbetter.tests.LibraryPageTest">
    <ignored/>
  </testcase> <!-- goToLoginPage -->
  <testcase name="chatWithRobot" time="0.0" classname="com.qa.ispeakbetter.tests.LibraryPageTest">
    <ignored/>
  </testcase> <!-- chatWithRobot -->
</testsuite> <!-- Default test -->
