<?xml version="1.0" encoding="UTF-8"?>
<!-- Generated by org.testng.reporters.JUnitXMLReporter -->
<testsuite hostname="Yunuss-MacBook-Air.local" ignored="0" name="ISpeak Regression Test" tests="10" failures="0" timestamp="2020-10-11T22:21:42 EDT" time="162.498" errors="0">
  <testcase name="fillOutProgram" time="19.784" classname="com.qa.ispeakbetter.tests.HomePageTest"/>
  <testcase name="verifyHomePageTitle" time="0.09" classname="com.qa.ispeakbetter.tests.HomePageTest"/>
  <testcase name="verifyUrl" time="0.03" classname="com.qa.ispeakbetter.tests.HomePageTest"/>
  <testcase name="doLogin" time="8.273" classname="com.qa.ispeakbetter.tests.HomePageTest"/>
  <testcase name="clickToLibraryButton" time="5.061" classname="com.qa.ispeakbetter.tests.LoginPageTest"/>
  <testcase name="verifyRedeemButtonEnabled" time="2.902" classname="com.qa.ispeakbetter.tests.LoginPageTest"/>
  <testcase name="verifyTitle" time="0.031" classname="com.qa.ispeakbetter.tests.LoginPageTest"/>
  <testcase name="HeaderLinks" time="0.121" classname="com.qa.ispeakbetter.tests.LibraryPageTest"/>
  <testcase name="chatWithRobot" time="4.754" classname="com.qa.ispeakbetter.tests.LibraryPageTest"/>
  <testcase name="goToLoginPage" time="1.509" classname="com.qa.ispeakbetter.tests.LibraryPageTest"/>
</testsuite> <!-- ISpeak Regression Test -->
