<?xml version="1.0" encoding="UTF-8"?>
<testng-results skipped="0" failed="0" ignored="2" total="3" passed="1">
  <reporter-output>
  </reporter-output>
  <suite name="Default suite" duration-ms="15069" started-at="2020-10-11T22:42:48 EDT" finished-at="2020-10-11T22:43:03 EDT">
    <groups>
    </groups>
    <test name="Default test" duration-ms="15069" started-at="2020-10-11T22:42:48 EDT" finished-at="2020-10-11T22:43:03 EDT">
      <class name="com.qa.ispeakbetter.tests.LibraryPageTest">
        <test-method status="PASS" signature="setUp()[pri:0, instance:com.qa.ispeakbetter.tests.LibraryPageTest@64729b1e]" name="setUp" is-config="true" duration-ms="14876" started-at="2020-10-11T22:42:48 EDT" finished-at="2020-10-11T22:43:03 EDT">
          <reporter-output>
          </reporter-output>
        </test-method> <!-- setUp -->
        <test-method status="PASS" signature="HeaderLinks()[pri:1, instance:com.qa.ispeakbetter.tests.LibraryPageTest@64729b1e]" name="HeaderLinks" duration-ms="112" started-at="2020-10-11T22:43:03 EDT" finished-at="2020-10-11T22:43:03 EDT">
          <reporter-output>
          </reporter-output>
        </test-method> <!-- HeaderLinks -->
      </class> <!-- com.qa.ispeakbetter.tests.LibraryPageTest -->
    </test> <!-- Default test -->
  </suite> <!-- Default suite -->
</testng-results>
